
Showing logs for build [32mcb-kubecd-bdd-gh-1578581941-pr-fknw5-1[0m stage [32mfrom-build-pack[0m and container [32mstep-credential-initializer-87bwz[0m
{"level":"warn","ts":1578582755.1929576,"logger":"fallback-logger","caller":"logging/config.go:69","msg":"Fetch GitHub commit ID from kodata failed: \"ref: refs/heads/0.8.0-**-support-backwards-incompats\" is not a valid GitHub commit ID"}
{"level":"info","ts":1578582755.193635,"logger":"fallback-logger","caller":"creds-init/main.go:40","msg":"Credentials initialized."}

Showing logs for build [32mcb-kubecd-bdd-gh-1578581941-pr-fknw5-1[0m stage [32mfrom-build-pack[0m and container [32mstep-working-dir-initializer-5d7rw[0m
{"level":"warn","ts":1578582755.99509,"logger":"fallback-logger","caller":"logging/config.go:69","msg":"Fetch GitHub commit ID from kodata failed: open /var/run/ko/HEAD: no such file or directory"}
{"level":"info","ts":1578582755.9967282,"logger":"fallback-logger","caller":"bash/main.go:64","msg":"Successfully executed command \"sh -c mkdir -p /workspace/source\"; output "}

Showing logs for build [32mcb-kubecd-bdd-gh-1578581941-pr-fknw5-1[0m stage [32mfrom-build-pack[0m and container [32mstep-place-tools[0m

Showing logs for build [32mcb-kubecd-bdd-gh-1578581941-pr-fknw5-1[0m stage [32mfrom-build-pack[0m and container [32mstep-git-source-cb-kubecd-bdd-gh-1578581941-pr-8qvng[0m
{"level":"warn","ts":1578582764.1363735,"logger":"fallback-logger","caller":"logging/config.go:69","msg":"Fetch GitHub commit ID from kodata failed: \"ref: refs/heads/0.8.0-**-support-backwards-incompats\" is not a valid GitHub commit ID"}
{"level":"info","ts":1578582765.1872833,"logger":"fallback-logger","caller":"git/git.go:103","msg":"Successfully cloned https://github.com/cb-kubecd/bdd-gh-1578581941.git @ master in path /workspace/source"}

Showing logs for build [32mcb-kubecd-bdd-gh-1578581941-pr-fknw5-1[0m stage [32mfrom-build-pack[0m and container [32mstep-git-merge[0m
Using SHAs from PULL_REFS=master:176f95aee76445477a474cfff7c16f9ff071b0e3,1:dff1ea5efe2bcc96558b39b147754172112e9613
DEBUG: ran git fetch --unshallow origin dff1ea5efe2bcc96558b39b147754172112e9613: 176f95aee76445477a474cfff7c16f9ff071b0e3: in 
DEBUG: ran git checkout master in 
DEBUG: ran git reset --hard 176f95aee76445477a474cfff7c16f9ff071b0e3 in 
DEBUG: ran clean --force -d . in 
DEBUG: ran git merge dff1ea5efe2bcc96558b39b147754172112e9613 in 
Merged SHA dff1ea5efe2bcc96558b39b147754172112e9613 with commit message 'My first PR commit' into base branch master

Showing logs for build [32mcb-kubecd-bdd-gh-1578581941-pr-fknw5-1[0m stage [32mfrom-build-pack[0m and container [32mstep-build-make-linux[0m
CGO_ENABLED=0 GOOS=linux GOARCH=amd64 GO15VENDOREXPERIMENT=1 go build -ldflags '' -o bin/bdd-gh-1578581941 main.go

Showing logs for build [32mcb-kubecd-bdd-gh-1578581941-pr-fknw5-1[0m stage [32mfrom-build-pack[0m and container [32mstep-build-container-build[0m
[36mINFO[0m[0000] No base image, nothing to extract            
[36mINFO[0m[0000] cmd: EXPOSE                                  
[36mINFO[0m[0000] Adding exposed port: 8080/tcp                
[36mINFO[0m[0000] Using files from context: [/workspace/source/bin] 
[36mINFO[0m[0000] Skipping unpacking as no commands require it. 
[36mINFO[0m[0000] Taking snapshot of full filesystem...        
[36mINFO[0m[0000] EXPOSE 8080                                  
[36mINFO[0m[0000] cmd: EXPOSE                                  
[36mINFO[0m[0000] Adding exposed port: 8080/tcp                
[36mINFO[0m[0000] No files changed in this command, skipping snapshotting. 
[36mINFO[0m[0000] ENTRYPOINT ["/bdd-gh-1578581941"]            
[36mINFO[0m[0000] No files changed in this command, skipping snapshotting. 
[36mINFO[0m[0000] Using files from context: [/workspace/source/bin] 
[36mINFO[0m[0000] COPY ./bin/ /                                
[36mINFO[0m[0000] Taking snapshot of files...                  
2020/01/09 15:13:01 pushed blob: sha256:9bc796684183a3647f1842a8ba5d14f1a62484e445d77741a20b89242567ef7a
2020/01/09 15:13:02 pushed blob: sha256:bb140b65dbcd74099f59bfe176cbf463790cebfbb733e1184c562aeabb006630
2020/01/09 15:13:03 gcr.io/jenkins-x-bdd3/bdd-gh-1578581941:0.0.0-SNAPSHOT-PR-1-1: digest: sha256:75c698c40ee74c0ba1bce80b9df58129c27b4746630836bd9450a3e8f98531a5 size: 428

Showing logs for build [32mcb-kubecd-bdd-gh-1578581941-pr-fknw5-1[0m stage [32mfrom-build-pack[0m and container [32mstep-postbuild-post-build[0m
no CVE provider running in the current ** namespace so skip adding image to be analysed

Showing logs for build [32mcb-kubecd-bdd-gh-1578581941-pr-fknw5-1[0m stage [32mfrom-build-pack[0m and container [32mstep-promote-make-preview[0m
sed -i -e "s/version:.*/version: 0.0.0-SNAPSHOT-PR-1-1/" Chart.yaml
sed -i -e "s/version:.*/version: 0.0.0-SNAPSHOT-PR-1-1/" ../*/Chart.yaml
sed -i -e "s|repository:.*|repository: gcr.io\/jenkins-x-bdd3\/bdd-gh-1578581941|" values.yaml
sed -i -e "s/tag:.*/tag: 0.0.0-SNAPSHOT-PR-1-1/" values.yaml
echo "  version: 0.0.0-SNAPSHOT-PR-1-1" >> requirements.yaml
** step helm build
WARNING: No $CHART_REPOSITORY defined so using the default value of: http://jenkins-x-chartmuseum:8080
Adding missing Helm repo: storage.googleapis.com https://storage.googleapis.com/chartmuseum.jenkins-x.io
WARNING: No secrets found on "helm/repos" due: reading the secret "helm/repos" from vault: no secret "helm/repos" not found in vault
Read credentials for https://storage.googleapis.com/chartmuseum.jenkins-x.io from vault helm/repos
Successfully added Helm repository storage.googleapis.com.
Adding missing Helm repo: jenkins-x-chartmuseum http://jenkins-x-chartmuseum:8080
WARNING: No secrets found on "helm/repos" due: reading the secret "helm/repos" from vault: no secret "helm/repos" not found in vault
Read credentials for http://jenkins-x-chartmuseum:8080 from vault helm/repos
Successfully added Helm repository jenkins-x-chartmuseum.
WARNING: No $CHART_REPOSITORY defined so using the default value of: http://jenkins-x-chartmuseum:8080
Adding missing Helm repo: chartmuseum.jenkins-x.io http://chartmuseum.jenkins-x.io
WARNING: No secrets found on "helm/repos" due: reading the secret "helm/repos" from vault: no secret "helm/repos" not found in vault
Read credentials for http://chartmuseum.jenkins-x.io from vault helm/repos
Successfully added Helm repository chartmuseum.jenkins-x.io.

Showing logs for build [32mcb-kubecd-bdd-gh-1578581941-pr-fknw5-1[0m stage [32mfrom-build-pack[0m and container [32mstep-promote-jx-preview[0m
Creating a preview
Created environment cb-kubecd-bdd-gh-1578581941-pr-1
Namespace **-cb-kubecd-bdd-gh-1578581941-pr-1 created 
expose:
  Annotations:
    helm.sh/hook: post-install,post-upgrade
    helm.sh/hook-delete-policy: hook-succeeded
  config:
    domain: c**d2.bdd.jenkins-x.rocks
    exposer: Ingress
    http: "true"
preview:
  image:
    repository: gcr.io/jenkins-x-bdd3/bdd-gh-1578581941
    tag: 0.0.0-SNAPSHOT-PR-1-1


Updating PipelineActivities cb-kubecd-bdd-gh-1578581941-pr-1-1 which has status Running
WARNING: preview application http://bdd-gh-1578581941.**-cb-kubecd-bdd-gh-1578581941-pr-1.c**d2.bdd.jenkins-x.rocks not available, error was Get http://bdd-gh-1578581941.**-cb-kubecd-bdd-gh-1578581941-pr-1.c**d2.bdd.jenkins-x.rocks: dial tcp: lookup bdd-gh-1578581941.**-cb-kubecd-bdd-gh-1578581941-pr-1.c**d2.bdd.jenkins-x.rocks on 10.35.240.10:53: no such host, delaying for: 1.050146921s
WARNING: preview application http://bdd-gh-1578581941.**-cb-kubecd-bdd-gh-1578581941-pr-1.c**d2.bdd.jenkins-x.rocks not available, error was Get http://bdd-gh-1578581941.**-cb-kubecd-bdd-gh-1578581941-pr-1.c**d2.bdd.jenkins-x.rocks: dial tcp: lookup bdd-gh-1578581941.**-cb-kubecd-bdd-gh-1578581941-pr-1.c**d2.bdd.jenkins-x.rocks on 10.35.240.10:53: no such host, delaying for: 2.123731972s
WARNING: preview application http://bdd-gh-1578581941.**-cb-kubecd-bdd-gh-1578581941-pr-1.c**d2.bdd.jenkins-x.rocks not available, error was Get http://bdd-gh-1578581941.**-cb-kubecd-bdd-gh-1578581941-pr-1.c**d2.bdd.jenkins-x.rocks: dial tcp: lookup bdd-gh-1578581941.**-cb-kubecd-bdd-gh-1578581941-pr-1.c**d2.bdd.jenkins-x.rocks on 10.35.240.10:53: no such host, delaying for: 2.458403445s
WARNING: preview application http://bdd-gh-1578581941.**-cb-kubecd-bdd-gh-1578581941-pr-1.c**d2.bdd.jenkins-x.rocks not available, error was Get http://bdd-gh-1578581941.**-cb-kubecd-bdd-gh-1578581941-pr-1.c**d2.bdd.jenkins-x.rocks: dial tcp: lookup bdd-gh-1578581941.**-cb-kubecd-bdd-gh-1578581941-pr-1.c**d2.bdd.jenkins-x.rocks on 10.35.240.10:53: no such host, delaying for: 3.806441792s
WARNING: preview application http://bdd-gh-1578581941.**-cb-kubecd-bdd-gh-1578581941-pr-1.c**d2.bdd.jenkins-x.rocks not available, error was Get http://bdd-gh-1578581941.**-cb-kubecd-bdd-gh-1578581941-pr-1.c**d2.bdd.jenkins-x.rocks: dial tcp: lookup bdd-gh-1578581941.**-cb-kubecd-bdd-gh-1578581941-pr-1.c**d2.bdd.jenkins-x.rocks on 10.35.240.10:53: no such host, delaying for: 6.567118239s
WARNING: preview application http://bdd-gh-1578581941.**-cb-kubecd-bdd-gh-1578581941-pr-1.c**d2.bdd.jenkins-x.rocks not available, error was Get http://bdd-gh-1578581941.**-cb-kubecd-bdd-gh-1578581941-pr-1.c**d2.bdd.jenkins-x.rocks: dial tcp: lookup bdd-gh-1578581941.**-cb-kubecd-bdd-gh-1578581941-pr-1.c**d2.bdd.jenkins-x.rocks on 10.35.240.10:53: no such host, delaying for: 6.190486398s
WARNING: preview application http://bdd-gh-1578581941.**-cb-kubecd-bdd-gh-1578581941-pr-1.c**d2.bdd.jenkins-x.rocks not available, error was Get http://bdd-gh-1578581941.**-cb-kubecd-bdd-gh-1578581941-pr-1.c**d2.bdd.jenkins-x.rocks: dial tcp: lookup bdd-gh-1578581941.**-cb-kubecd-bdd-gh-1578581941-pr-1.c**d2.bdd.jenkins-x.rocks on 10.35.240.10:53: no such host, delaying for: 5.84140762s
WARNING: preview application http://bdd-gh-1578581941.**-cb-kubecd-bdd-gh-1578581941-pr-1.c**d2.bdd.jenkins-x.rocks not available, error was Get http://bdd-gh-1578581941.**-cb-kubecd-bdd-gh-1578581941-pr-1.c**d2.bdd.jenkins-x.rocks: dial tcp: lookup bdd-gh-1578581941.**-cb-kubecd-bdd-gh-1578581941-pr-1.c**d2.bdd.jenkins-x.rocks on 10.35.240.10:53: no such host, delaying for: 14.204706135s
WARNING: preview application http://bdd-gh-1578581941.**-cb-kubecd-bdd-gh-1578581941-pr-1.c**d2.bdd.jenkins-x.rocks not available, error was Get http://bdd-gh-1578581941.**-cb-kubecd-bdd-gh-1578581941-pr-1.c**d2.bdd.jenkins-x.rocks: dial tcp: lookup bdd-gh-1578581941.**-cb-kubecd-bdd-gh-1578581941-pr-1.c**d2.bdd.jenkins-x.rocks on 10.35.240.10:53: no such host, delaying for: 37.773980375s
WARNING: preview application http://bdd-gh-1578581941.**-cb-kubecd-bdd-gh-1578581941-pr-1.c**d2.bdd.jenkins-x.rocks not available, error was Get http://bdd-gh-1578581941.**-cb-kubecd-bdd-gh-1578581941-pr-1.c**d2.bdd.jenkins-x.rocks: dial tcp: lookup bdd-gh-1578581941.**-cb-kubecd-bdd-gh-1578581941-pr-1.c**d2.bdd.jenkins-x.rocks on 10.35.240.10:53: no such host, delaying for: 55.738381144s
WARNING: preview application http://bdd-gh-1578581941.**-cb-kubecd-bdd-gh-1578581941-pr-1.c**d2.bdd.jenkins-x.rocks not available, error was Get http://bdd-gh-1578581941.**-cb-kubecd-bdd-gh-1578581941-pr-1.c**d2.bdd.jenkins-x.rocks: dial tcp: lookup bdd-gh-1578581941.**-cb-kubecd-bdd-gh-1578581941-pr-1.c**d2.bdd.jenkins-x.rocks on 10.35.240.10:53: no such host, delaying for: 1m4.921413071s
WARNING: preview application http://bdd-gh-1578581941.**-cb-kubecd-bdd-gh-1578581941-pr-1.c**d2.bdd.jenkins-x.rocks not available, error was Get http://bdd-gh-1578581941.**-cb-kubecd-bdd-gh-1578581941-pr-1.c**d2.bdd.jenkins-x.rocks: dial tcp: lookup bdd-gh-1578581941.**-cb-kubecd-bdd-gh-1578581941-pr-1.c**d2.bdd.jenkins-x.rocks on 10.35.240.10:53: no such host, delaying for: 1m15.104434734s
WARNING: preview application http://bdd-gh-1578581941.**-cb-kubecd-bdd-gh-1578581941-pr-1.c**d2.bdd.jenkins-x.rocks not available, error was Get http://bdd-gh-1578581941.**-cb-kubecd-bdd-gh-1578581941-pr-1.c**d2.bdd.jenkins-x.rocks: dial tcp: lookup bdd-gh-1578581941.**-cb-kubecd-bdd-gh-1578581941-pr-1.c**d2.bdd.jenkins-x.rocks on 10.35.240.10:53: no such host, delaying for: 48.630616573s
Preview application is now available at: http://bdd-gh-1578581941.**-cb-kubecd-bdd-gh-1578581941-pr-1.c**d2.bdd.jenkins-x.rocks
